<?xml version="1.0" encoding="UTF-8"?>
<!-- Generated by org.testng.reporters.JUnitReportReporter -->
<testsuite skipped="0" hostname="MacBook-Air.lan" name="runners.TestRunner" tests="2" failures="0" timestamp="07 May 2023 20:46:35 GMT" time="0.285" errors="0">
  <testcase name="runScenario" time="0.279" classname="runners.TestRunner"/>
  <testcase name="runScenario" time="0.006" classname="runners.TestRunner"/>
</testsuite> <!-- runners.TestRunner -->
